<?xml version="1.0" encoding="UTF-8"?>
<!-- Generated by org.testng.reporters.JUnitReportReporter -->
<testsuite hostname="LAPTOP-CJ23D15G" name="aspire.QAChallenge.Testcases" tests="1" failures="0" timestamp="15 Oct 2022 16:15:13 GMT" time="30.870" errors="0">
  <testcase name="testcase1" time="30.870" classname="aspire.QAChallenge.Testcases"/>
</testsuite> <!-- aspire.QAChallenge.Testcases -->
